<?xml version="1.0" encoding="UTF-8"?>
<testng-results skipped="0" failed="0" ignored="0" total="1" passed="1">
  <reporter-output>
  </reporter-output>
  <suite name="Default suite" duration-ms="50000" started-at="2020-08-04T19:02:24 IST" finished-at="2020-08-04T19:03:14 IST">
    <groups>
    </groups>
    <test name="Default test" duration-ms="50000" started-at="2020-08-04T19:02:24 IST" finished-at="2020-08-04T19:03:14 IST">
      <class name="com.seleniumproject.Flightbooking.BookingPageTest">
        <test-method status="PASS" signature="basePageNavigation()[pri:0, instance:com.seleniumproject.Flightbooking.BookingPageTest@80503]" name="basePageNavigation" duration-ms="49953" started-at="2020-08-04T19:02:24 IST" finished-at="2020-08-04T19:03:14 IST">
          <reporter-output>
          </reporter-output>
        </test-method> <!-- basePageNavigation -->
      </class> <!-- com.seleniumproject.Flightbooking.BookingPageTest -->
    </test> <!-- Default test -->
  </suite> <!-- Default suite -->
</testng-results>
